0 info it worked if it ends with ok
1 verbose cli [ '/usr/bin/node', '/usr/bin/npm', 'run', 'build' ]
2 info using npm@3.10.10
3 info using node@v6.12.3
4 verbose run-script [ 'prebuild', 'build', 'postbuild' ]
5 info lifecycle chubb@0.1.0~prebuild: chubb@0.1.0
6 silly lifecycle chubb@0.1.0~prebuild: no script for prebuild, continuing
7 info lifecycle chubb@0.1.0~build: chubb@0.1.0
8 verbose lifecycle chubb@0.1.0~build: unsafe-perm in lifecycle true
9 verbose lifecycle chubb@0.1.0~build: PATH: /usr/lib/node_modules/npm/bin/node-gyp-bin:/home/frappe/frappe-bench/apps/erpx_prulia/erpx_prulia/chubb-frontend/node_modules/.bin:/usr/local/sbin:/usr/local/bin:/usr/sbin:/usr/bin:/sbin:/bin
10 verbose lifecycle chubb@0.1.0~build: CWD: /home/frappe/frappe-bench/apps/erpx_prulia/erpx_prulia/chubb-frontend
11 silly lifecycle chubb@0.1.0~build: Args: [ '-c',
11 silly lifecycle   'react-scripts build && rm -rf ../www/chubb && mv build ../www/chubb' ]
12 silly lifecycle chubb@0.1.0~build: Returned: code: 1  signal: null
13 info lifecycle chubb@0.1.0~build: Failed to exec build script
14 verbose stack Error: chubb@0.1.0 build: `react-scripts build && rm -rf ../www/chubb && mv build ../www/chubb`
14 verbose stack Exit status 1
14 verbose stack     at EventEmitter.<anonymous> (/usr/lib/node_modules/npm/lib/utils/lifecycle.js:255:16)
14 verbose stack     at emitTwo (events.js:106:13)
14 verbose stack     at EventEmitter.emit (events.js:191:7)
14 verbose stack     at ChildProcess.<anonymous> (/usr/lib/node_modules/npm/lib/utils/spawn.js:40:14)
14 verbose stack     at emitTwo (events.js:106:13)
14 verbose stack     at ChildProcess.emit (events.js:191:7)
14 verbose stack     at maybeClose (internal/child_process.js:920:16)
14 verbose stack     at Process.ChildProcess._handle.onexit (internal/child_process.js:230:5)
15 verbose pkgid chubb@0.1.0
16 verbose cwd /home/frappe/frappe-bench/apps/erpx_prulia/erpx_prulia/chubb-frontend
17 error Linux 3.16.0-4-amd64
18 error argv "/usr/bin/node" "/usr/bin/npm" "run" "build"
19 error node v6.12.3
20 error npm  v3.10.10
21 error code ELIFECYCLE
22 error chubb@0.1.0 build: `react-scripts build && rm -rf ../www/chubb && mv build ../www/chubb`
22 error Exit status 1
23 error Failed at the chubb@0.1.0 build script 'react-scripts build && rm -rf ../www/chubb && mv build ../www/chubb'.
23 error Make sure you have the latest version of node.js and npm installed.
23 error If you do, this is most likely a problem with the chubb package,
23 error not with npm itself.
23 error Tell the author that this fails on your system:
23 error     react-scripts build && rm -rf ../www/chubb && mv build ../www/chubb
23 error You can get information on how to open an issue for this project with:
23 error     npm bugs chubb
23 error Or if that isn't available, you can get their info via:
23 error     npm owner ls chubb
23 error There is likely additional logging output above.
24 verbose exit [ 1, true ]
